<?xml version="1.0" encoding="UTF-8"?>
<!-- Generated by org.testng.reporters.JUnitXMLReporter -->
<testsuite ignored="1" hostname="DESKTOP-S40LEDV" failures="1" tests="11" name="Basicssteps" time="0.706" errors="0" timestamp="2026-03-15T18:19:30 IST">
  <testcase classname="test.TestNGClass2" name="Third" time="0.029"/>
  <testcase classname="test.TestNGClass4" name="MobileloginHomeLoan" time="0.005"/>
  <testcase classname="test.TestNGClass4" name="webloginHomeLoan" time="0.048">
    <failure type="java.lang.AssertionError" message="expected [true] but found [false]">
      <![CDATA[java.lang.AssertionError: expected [true] but found [false]
at test.TestNGClass4.webloginHomeLoan(TestNGClass4.java:14)
at java.base/java.util.ArrayList.forEach(ArrayList.java:1604)
at java.base/java.util.concurrent.FutureTask.run(FutureTask.java:328)
at java.base/java.util.concurrent.ThreadPoolExecutor.runWorker(ThreadPoolExecutor.java:1090)
at java.base/java.util.concurrent.ThreadPoolExecutor$Worker.run(ThreadPoolExecutor.java:614)
at java.base/java.lang.Thread.run(Thread.java:1474)
... Removed 19 stack frames]]>
    </failure>
  </testcase> <!-- webloginHomeLoan -->
  <testcase classname="test.TestNGClass3" name="MobileloginCar1" time="0.008"/>
  <testcase classname="test.TestNGClass3" name="MobileloginCar2" time="0.018"/>
  <testcase classname="test.TestNGClass3" name="MobileloginCar3" time="0.03"/>
  <testcase classname="test.TestNGClass3" name="MobileloginCar3" time="0.013"/>
  <testcase classname="test.TestNGClass3" name="MobileloginCar3" time="0.005"/>
  <testcase classname="test.TestNGClass3" name="Third" time="0.006"/>
  <testcase classname="test.TestNGClass3" name="loginAPICar" time="0.004"/>
  <testcase classname="test.TestNGClass3" name="webloginCar" time="0.049"/>
  <testcase classname="test.TestNGClass2" name="demo2" time="0.0">
    <ignored/>
  </testcase> <!-- demo2 -->
</testsuite> <!-- Basicssteps -->
