<?xml version="1.0" encoding="UTF-8"?>
<!-- Generated by org.testng.reporters.JUnitXMLReporter -->
<testsuite ignored="3" hostname="DESKTOP-S40LEDV" failures="0" tests="6" name="Car Loan" time="0.44" errors="0" timestamp="2026-03-15T18:19:30 IST">
  <testcase classname="test.TestNGClass1" name="Third" time="0.035"/>
  <testcase classname="test.TestNGClass1" name="Zdemo" time="0.017"/>
  <testcase classname="test.TestNGClass3" name="Third" time="0.01"/>
  <testcase classname="test.TestNGClass3" name="loginAPICar" time="0.01"/>
  <testcase classname="test.TestNGClass3" name="webloginCar" time="0.011"/>
  <testcase classname="test.TestNGClass1" name="Second" time="0.003"/>
  <testcase classname="test.TestNGClass3" name="MobileloginCar3" time="0.0">
    <ignored/>
  </testcase> <!-- MobileloginCar3 -->
  <testcase classname="test.TestNGClass3" name="MobileloginCar1" time="0.0">
    <ignored/>
  </testcase> <!-- MobileloginCar1 -->
  <testcase classname="test.TestNGClass3" name="MobileloginCar2" time="0.0">
    <ignored/>
  </testcase> <!-- MobileloginCar2 -->
</testsuite> <!-- Car Loan -->
