<?xml version="1.0" encoding="UTF-8"?>
<!-- Generated by org.testng.reporters.JUnitXMLReporter -->
<testsuite ignored="10" hostname="DESKTOP-S40LEDV" failures="0" tests="3" name="Regression somke cases" time="0.156" errors="0" timestamp="2026-03-08T15:21:45 IST">
  <testcase classname="test.TestNGClass1" name="Third" time="0.03"/>
  <testcase classname="test.TestNGClass2" name="Third" time="0.005"/>
  <testcase classname="test.TestNGClass3" name="Third" time="0.006"/>
  <testcase classname="test.TestNGClass3" name="MobileloginCar3" time="0.0">
    <ignored/>
  </testcase> <!-- MobileloginCar3 -->
  <testcase classname="test.TestNGClass1" name="Second" time="0.0">
    <ignored/>
  </testcase> <!-- Second -->
  <testcase classname="test.TestNGClass1" name="Zdemo" time="0.0">
    <ignored/>
  </testcase> <!-- Zdemo -->
  <testcase classname="test.TestNGClass3" name="webloginCar" time="0.0">
    <ignored/>
  </testcase> <!-- webloginCar -->
  <testcase classname="test.TestNGClass2" name="demo2" time="0.0">
    <ignored/>
  </testcase> <!-- demo2 -->
  <testcase classname="test.TestNGClass3" name="loginAPICar" time="0.0">
    <ignored/>
  </testcase> <!-- loginAPICar -->
  <testcase classname="test.TestNGClass4" name="MobileloginHomeLoan" time="0.0">
    <ignored/>
  </testcase> <!-- MobileloginHomeLoan -->
  <testcase classname="test.TestNGClass3" name="MobileloginCar1" time="0.0">
    <ignored/>
  </testcase> <!-- MobileloginCar1 -->
  <testcase classname="test.TestNGClass4" name="webloginHomeLoan" time="0.0">
    <ignored/>
  </testcase> <!-- webloginHomeLoan -->
  <testcase classname="test.TestNGClass3" name="MobileloginCar2" time="0.0">
    <ignored/>
  </testcase> <!-- MobileloginCar2 -->
</testsuite> <!-- Regression somke cases -->
