<?xml version="1.0" encoding="UTF-8"?>
<testng-results ignored="0" total="3" passed="1" failed="1" skipped="1">
  <reporter-output>
  </reporter-output>
  <suite started-at="2026-05-03T16:29:48 IST" name="Default suite" finished-at="2026-05-03T16:29:48 IST" duration-ms="208">
    <groups>
      <group name="Smoke">
        <method signature="TestNGClass1.Third()[pri:0, instance:test.TestNGClass1@63355449]" name="Third" class="test.TestNGClass1"/>
      </group> <!-- Smoke -->
    </groups>
    <test started-at="2026-05-03T16:29:48 IST" name="Default test" finished-at="2026-05-03T16:29:48 IST" duration-ms="208">
      <class name="test.TestNGClass1">
        <test-method signature="Third()[pri:0, instance:test.TestNGClass1@63355449]" started-at="2026-05-03T16:29:48 IST" name="Third" finished-at="2026-05-03T16:29:48 IST" duration-ms="41" status="PASS">
          <reporter-output>
          </reporter-output>
        </test-method> <!-- Third -->
        <test-method signature="Zdemo(java.lang.String)[pri:0, instance:test.TestNGClass1@63355449]" started-at="2026-05-03T16:29:48 IST" name="Zdemo" finished-at="2026-05-03T16:29:48 IST" duration-ms="0" status="FAIL">
          <exception class="org.testng.TestNGException">
            <message>
              <![CDATA[
Parameter 'URL' is required by @Test on method Zdemo but has not been marked @Optional or defined
in C:\Users\satyam\AppData\Local\Temp\testng-eclipse-280534446\testng-customsuite.xml]]>
            </message>
            <full-stacktrace>
              <![CDATA[org.testng.TestNGException: 
Parameter 'URL' is required by @Test on method Zdemo but has not been marked @Optional or defined
in C:\Users\satyam\AppData\Local\Temp\testng-eclipse-280534446\testng-customsuite.xml
at org.testng.internal.Parameters.createParams(Parameters.java:264)
at org.testng.internal.Parameters.createParametersForMethod(Parameters.java:352)
at org.testng.internal.Parameters.createParameters(Parameters.java:690)
at org.testng.internal.Parameters.handleParameters(Parameters.java:885)
at org.testng.internal.Parameters.handleParameters(Parameters.java:734)
at org.testng.internal.invokers.ParameterHandler.handleParameters(ParameterHandler.java:72)
at org.testng.internal.invokers.ParameterHandler.createParameters(ParameterHandler.java:51)
at org.testng.internal.invokers.TestInvoker$MethodInvocationAgent.invoke(TestInvoker.java:949)
at org.testng.internal.invokers.TestInvoker.invokeTestMethods(TestInvoker.java:203)
at org.testng.internal.invokers.TestMethodWorker.invokeTestMethods(TestMethodWorker.java:154)
at org.testng.internal.invokers.TestMethodWorker.run(TestMethodWorker.java:134)
at java.base/java.util.ArrayList.forEach(ArrayList.java:1604)
at org.testng.TestRunner.privateRun(TestRunner.java:741)
at org.testng.TestRunner.run(TestRunner.java:616)
at org.testng.SuiteRunner.runTest(SuiteRunner.java:421)
at org.testng.SuiteRunner.runSequentially(SuiteRunner.java:413)
at org.testng.SuiteRunner.privateRun(SuiteRunner.java:373)
at org.testng.SuiteRunner.run(SuiteRunner.java:312)
at org.testng.SuiteRunnerWorker.runSuite(SuiteRunnerWorker.java:52)
at org.testng.SuiteRunnerWorker.run(SuiteRunnerWorker.java:95)
at org.testng.TestNG.runSuitesSequentially(TestNG.java:1274)
at org.testng.TestNG.runSuitesLocally(TestNG.java:1208)
at org.testng.TestNG.runSuites(TestNG.java:1112)
at org.testng.TestNG.run(TestNG.java:1079)
at org.testng.remote.AbstractRemoteTestNG.run(AbstractRemoteTestNG.java:115)
at org.testng.remote.RemoteTestNG.initAndRun(RemoteTestNG.java:293)
at org.testng.remote.RemoteTestNG.main(RemoteTestNG.java:91)
]]>
            </full-stacktrace>
          </exception> <!-- org.testng.TestNGException -->
          <reporter-output>
          </reporter-output>
        </test-method> <!-- Zdemo -->
        <test-method signature="Second()[pri:0, instance:test.TestNGClass1@63355449]" started-at="2026-05-03T16:29:48 IST" name="Second" finished-at="2026-05-03T16:29:48 IST" depends-on-methods="test.TestNGClass1.Zdemo" duration-ms="0" status="SKIP">
          <exception class="java.lang.Throwable">
            <message>
              <![CDATA[Method test.TestNGClass1.Second() on instance test.TestNGClass1@63355449 depends on not successfully finished methods 
[test.TestNGClass1.Zdemo() on instance test.TestNGClass1@63355449]]]>
            </message>
            <full-stacktrace>
              <![CDATA[java.lang.Throwable: Method test.TestNGClass1.Second() on instance test.TestNGClass1@63355449 depends on not successfully finished methods 
[test.TestNGClass1.Zdemo() on instance test.TestNGClass1@63355449]
at org.testng.internal.invokers.TestInvoker.invokeTestMethods(TestInvoker.java:159)
at org.testng.internal.invokers.TestMethodWorker.invokeTestMethods(TestMethodWorker.java:154)
at org.testng.internal.invokers.TestMethodWorker.run(TestMethodWorker.java:134)
at java.base/java.util.ArrayList.forEach(ArrayList.java:1604)
at org.testng.TestRunner.privateRun(TestRunner.java:741)
at org.testng.TestRunner.run(TestRunner.java:616)
at org.testng.SuiteRunner.runTest(SuiteRunner.java:421)
at org.testng.SuiteRunner.runSequentially(SuiteRunner.java:413)
at org.testng.SuiteRunner.privateRun(SuiteRunner.java:373)
at org.testng.SuiteRunner.run(SuiteRunner.java:312)
at org.testng.SuiteRunnerWorker.runSuite(SuiteRunnerWorker.java:52)
at org.testng.SuiteRunnerWorker.run(SuiteRunnerWorker.java:95)
at org.testng.TestNG.runSuitesSequentially(TestNG.java:1274)
at org.testng.TestNG.runSuitesLocally(TestNG.java:1208)
at org.testng.TestNG.runSuites(TestNG.java:1112)
at org.testng.TestNG.run(TestNG.java:1079)
at org.testng.remote.AbstractRemoteTestNG.run(AbstractRemoteTestNG.java:115)
at org.testng.remote.RemoteTestNG.initAndRun(RemoteTestNG.java:293)
at org.testng.remote.RemoteTestNG.main(RemoteTestNG.java:91)
]]>
            </full-stacktrace>
          </exception> <!-- java.lang.Throwable -->
          <reporter-output>
          </reporter-output>
        </test-method> <!-- Second -->
        <test-method is-config="true" signature="ExecuteLast()[pri:0, instance:test.TestNGClass1@63355449]" started-at="2026-05-03T16:29:48 IST" name="ExecuteLast" finished-at="2026-05-03T16:29:48 IST" duration-ms="13" status="PASS">
          <reporter-output>
          </reporter-output>
        </test-method> <!-- ExecuteLast -->
        <test-method is-config="true" signature="envsent()[pri:0, instance:test.TestNGClass1@63355449]" started-at="2026-05-03T16:29:48 IST" name="envsent" finished-at="2026-05-03T16:29:48 IST" duration-ms="3" status="PASS">
          <reporter-output>
          </reporter-output>
        </test-method> <!-- envsent -->
      </class> <!-- test.TestNGClass1 -->
    </test> <!-- Default test -->
  </suite> <!-- Default suite -->
</testng-results>
