<?xml version="1.0" encoding="UTF-8"?>
<!-- Generated by org.testng.reporters.JUnitReportReporter -->
<testsuite hostname="DESKTOP-S40LEDV" failures="0" tests="11" name="test.TestNGClass3" time="0.164" errors="0" timestamp="2026-03-15T18:19:32 IST" skipped="0">
  <testcase classname="test.TestNGClass3" name="loginAPICar" time="0.004"/>
  <testcase classname="test.TestNGClass3" name="Third" time="0.010"/>
  <testcase classname="test.TestNGClass3" name="loginAPICar" time="0.010"/>
  <testcase classname="test.TestNGClass3" name="MobileloginCar1" time="0.008"/>
  <testcase classname="test.TestNGClass3" name="MobileloginCar2" time="0.018"/>
  <testcase classname="test.TestNGClass3" name="MobileloginCar3" time="0.013"/>
  <testcase classname="test.TestNGClass3" name="MobileloginCar3" time="0.005"/>
  <testcase classname="test.TestNGClass3" name="webloginCar" time="0.011"/>
  <testcase classname="test.TestNGClass3" name="webloginCar" time="0.049"/>
  <testcase classname="test.TestNGClass3" name="MobileloginCar3" time="0.030"/>
  <testcase classname="test.TestNGClass3" name="Third" time="0.006"/>
</testsuite> <!-- test.TestNGClass3 -->
