<?xml version="1.0" encoding="UTF-8"?>
<!-- Generated by org.testng.reporters.JUnitReportReporter -->
<testsuite hostname="DESKTOP-S40LEDV" failures="0" tests="3" name="test.TestNGClass1" time="0.055" errors="0" timestamp="2026-03-15T18:19:32 IST" skipped="0">
  <testcase classname="test.TestNGClass1" name="Third" time="0.035"/>
  <testcase classname="test.TestNGClass1" name="Second" time="0.003"/>
  <testcase classname="test.TestNGClass1" name="Zdemo" time="0.017"/>
</testsuite> <!-- test.TestNGClass1 -->
